Training with lr=0.0005, num_epochs=8, opt_func=Adam
Epoch [0], train_loss: 1.7862, val_loss: 1.4262, val_acc: 0.4813
Epoch [1], train_loss: 1.2975, val_loss: 1.1380, val_acc: 0.5883
Epoch [2], train_loss: 1.0554, val_loss: 0.9517, val_acc: 0.6545
Epoch [3], train_loss: 0.8775, val_loss: 0.8713, val_acc: 0.6892
Epoch [4], train_loss: 0.7557, val_loss: 0.8073, val_acc: 0.7235
Epoch [5], train_loss: 0.6501, val_loss: 0.7557, val_acc: 0.7418
Epoch [6], train_loss: 0.5491, val_loss: 0.6948, val_acc: 0.7638
Epoch [7], train_loss: 0.4654, val_loss: 0.6649, val_acc: 0.7714
	GPU training took: 212.66150522232056 seconds.

Training with lr=0.0005, num_epochs=8, opt_func=NAdam
Epoch [0], train_loss: 1.7919, val_loss: 1.4906, val_acc: 0.4454
Epoch [1], train_loss: 1.2441, val_loss: 1.1995, val_acc: 0.5544
Epoch [2], train_loss: 0.9396, val_loss: 0.8977, val_acc: 0.6810
Epoch [3], train_loss: 0.7371, val_loss: 0.7570, val_acc: 0.7335
Epoch [4], train_loss: 0.5799, val_loss: 0.7405, val_acc: 0.7475
Epoch [5], train_loss: 0.4421, val_loss: 0.6850, val_acc: 0.7756
Epoch [6], train_loss: 0.3164, val_loss: 0.7223, val_acc: 0.7733
Epoch [7], train_loss: 0.2032, val_loss: 0.7670, val_acc: 0.7722
	GPU training took: 210.80066347122192 seconds.

Training with lr=0.0005, num_epochs=8, opt_func=RAdam
Epoch [0], train_loss: 1.9258, val_loss: 1.5929, val_acc: 0.4044
Epoch [1], train_loss: 1.4818, val_loss: 1.3288, val_acc: 0.5161
Epoch [2], train_loss: 1.2567, val_loss: 1.1509, val_acc: 0.5850
Exception ignored in: <function _MultiProcessingDataLoaderIter.__del__ at 0x0000015C7E1932E0>
Traceback (most recent call last):
  File "c:\Users\eryks\AppData\Local\Programs\Python\Python311\Lib\site-packages\torch\utils\data\dataloader.py", line 1479, in __del__
    self._shutdown_workers()
  File "c:\Users\eryks\AppData\Local\Programs\Python\Python311\Lib\site-packages\torch\utils\data\dataloader.py", line 1437, in _shutdown_workers
    if self._persistent_workers or self._workers_status[worker_id]:
                                   ^^^^^^^^^^^^^^^^^^^^
AttributeError: '_MultiProcessingDataLoaderIter' object has no attribute '_workers_status'
Epoch [3], train_loss: 1.0713, val_loss: 1.0119, val_acc: 0.6377
Epoch [4], train_loss: 0.9189, val_loss: 0.9461, val_acc: 0.6710
Epoch [5], train_loss: 0.8010, val_loss: 0.7727, val_acc: 0.7308
Epoch [6], train_loss: 0.6655, val_loss: 0.7239, val_acc: 0.7488
Epoch [7], train_loss: 0.5569, val_loss: 0.6776, val_acc: 0.7721
	GPU training took: 210.2969150543213 seconds.

Training with lr=0.0005, num_epochs=8, opt_func=AdamW
Epoch [0], train_loss: 1.7543, val_loss: 1.5365, val_acc: 0.4281
Epoch [1], train_loss: 1.2869, val_loss: 1.1401, val_acc: 0.5866
Epoch [2], train_loss: 1.0205, val_loss: 0.9931, val_acc: 0.6496
Epoch [3], train_loss: 0.8399, val_loss: 0.8318, val_acc: 0.7073
Epoch [4], train_loss: 0.6938, val_loss: 0.7314, val_acc: 0.7377
Epoch [5], train_loss: 0.5778, val_loss: 0.7138, val_acc: 0.7552
Epoch [6], train_loss: 0.4703, val_loss: 0.6767, val_acc: 0.7707
Epoch [7], train_loss: 0.3641, val_loss: 0.7115, val_acc: 0.7741
	GPU training took: 231.5498502254486 seconds.

Training with lr=0.0005, num_epochs=8, opt_func=Adamax
Epoch [0], train_loss: 1.9093, val_loss: 1.6154, val_acc: 0.3920
Epoch [1], train_loss: 1.5409, val_loss: 1.4382, val_acc: 0.4702
Epoch [2], train_loss: 1.3668, val_loss: 1.2926, val_acc: 0.5217
Epoch [3], train_loss: 1.2274, val_loss: 1.1655, val_acc: 0.5778
Epoch [4], train_loss: 1.1245, val_loss: 1.0910, val_acc: 0.6019
Epoch [5], train_loss: 1.0363, val_loss: 1.0469, val_acc: 0.6271
Epoch [6], train_loss: 0.9593, val_loss: 0.9528, val_acc: 0.6616
Epoch [7], train_loss: 0.8672, val_loss: 0.8739, val_acc: 0.6934
	GPU training took: 229.31862378120422 seconds.

Training with lr=0.0005, num_epochs=8, opt_func=RMSprop
Epoch [0], train_loss: 2.0346, val_loss: 1.7729, val_acc: 0.3484
Epoch [1], train_loss: 1.5247, val_loss: 1.4401, val_acc: 0.4704
Epoch [2], train_loss: 1.2425, val_loss: 1.3053, val_acc: 0.5237
Epoch [3], train_loss: 1.0243, val_loss: 0.9372, val_acc: 0.6652
Epoch [4], train_loss: 0.8591, val_loss: 0.8534, val_acc: 0.7008
Epoch [5], train_loss: 0.7274, val_loss: 0.7423, val_acc: 0.7403
Epoch [6], train_loss: 0.5995, val_loss: 0.8548, val_acc: 0.7087
Epoch [7], train_loss: 0.4887, val_loss: 0.8183, val_acc: 0.7284
	GPU training took: 226.89044380187988 seconds.

Training with lr=0.0005, num_epochs=10, opt_func=Adam
Epoch [0], train_loss: 1.8079, val_loss: 1.5043, val_acc: 0.4364
Epoch [1], train_loss: 1.2956, val_loss: 1.2003, val_acc: 0.5548
Epoch [2], train_loss: 1.0363, val_loss: 0.9410, val_acc: 0.6638
Epoch [3], train_loss: 0.8461, val_loss: 0.8212, val_acc: 0.7113
Epoch [4], train_loss: 0.7016, val_loss: 0.7614, val_acc: 0.7389
Epoch [5], train_loss: 0.5882, val_loss: 0.6924, val_acc: 0.7606
Epoch [6], train_loss: 0.4867, val_loss: 0.7267, val_acc: 0.7539
Epoch [7], train_loss: 0.3803, val_loss: 0.7100, val_acc: 0.7718
Epoch [8], train_loss: 0.2968, val_loss: 0.7198, val_acc: 0.7733
Epoch [9], train_loss: 0.2074, val_loss: 0.8766, val_acc: 0.7705
	GPU training took: 275.56764101982117 seconds.

Training with lr=0.0005, num_epochs=10, opt_func=NAdam
Epoch [0], train_loss: 1.8156, val_loss: 1.4679, val_acc: 0.4470
Epoch [1], train_loss: 1.2812, val_loss: 1.1404, val_acc: 0.5962
Epoch [2], train_loss: 0.9846, val_loss: 0.9239, val_acc: 0.6800
Epoch [3], train_loss: 0.7582, val_loss: 0.7723, val_acc: 0.7327
Epoch [4], train_loss: 0.5844, val_loss: 0.7510, val_acc: 0.7476
Epoch [5], train_loss: 0.4413, val_loss: 0.7793, val_acc: 0.7432
Epoch [6], train_loss: 0.2993, val_loss: 0.7667, val_acc: 0.7738
Epoch [7], train_loss: 0.1899, val_loss: 0.8987, val_acc: 0.7689
Epoch [8], train_loss: 0.1152, val_loss: 1.0838, val_acc: 0.7614
Epoch [9], train_loss: 0.0816, val_loss: 1.0327, val_acc: 0.7767
	GPU training took: 272.72624468803406 seconds.

Training with lr=0.0005, num_epochs=10, opt_func=RAdam
Epoch [0], train_loss: 1.9234, val_loss: 1.6164, val_acc: 0.3907
Epoch [1], train_loss: 1.4695, val_loss: 1.3695, val_acc: 0.5075
Epoch [2], train_loss: 1.2521, val_loss: 1.2171, val_acc: 0.5623
Epoch [3], train_loss: 1.0357, val_loss: 1.0491, val_acc: 0.6243
Epoch [4], train_loss: 0.8703, val_loss: 0.9278, val_acc: 0.6830
Epoch [5], train_loss: 0.7383, val_loss: 0.7689, val_acc: 0.7352
Epoch [6], train_loss: 0.6172, val_loss: 0.7800, val_acc: 0.7337
Epoch [7], train_loss: 0.4941, val_loss: 0.7113, val_acc: 0.7573
Epoch [8], train_loss: 0.3720, val_loss: 0.7171, val_acc: 0.7660
Epoch [9], train_loss: 0.2537, val_loss: 0.8348, val_acc: 0.7556
	GPU training took: 289.2772650718689 seconds.

Training with lr=0.0005, num_epochs=10, opt_func=AdamW
Epoch [0], train_loss: 1.7739, val_loss: 1.4666, val_acc: 0.4598
Epoch [1], train_loss: 1.2449, val_loss: 1.1046, val_acc: 0.6052
Epoch [2], train_loss: 0.9797, val_loss: 0.8955, val_acc: 0.6848
Epoch [3], train_loss: 0.8111, val_loss: 0.7791, val_acc: 0.7311
Epoch [4], train_loss: 0.6909, val_loss: 0.7917, val_acc: 0.7266
Epoch [5], train_loss: 0.5764, val_loss: 0.7581, val_acc: 0.7485
Epoch [6], train_loss: 0.4703, val_loss: 0.6661, val_acc: 0.7802
Epoch [7], train_loss: 0.3670, val_loss: 0.6666, val_acc: 0.7827
Epoch [8], train_loss: 0.2751, val_loss: 0.7366, val_acc: 0.7791
Epoch [9], train_loss: 0.1949, val_loss: 0.7954, val_acc: 0.7799
	GPU training took: 287.5866451263428 seconds.

Training with lr=0.0005, num_epochs=10, opt_func=Adamax
Epoch [0], train_loss: 1.8890, val_loss: 1.6249, val_acc: 0.3918
Epoch [1], train_loss: 1.5412, val_loss: 1.4670, val_acc: 0.4711
Epoch [2], train_loss: 1.3870, val_loss: 1.3143, val_acc: 0.5228
Epoch [3], train_loss: 1.2767, val_loss: 1.2017, val_acc: 0.5704
Epoch [4], train_loss: 1.1484, val_loss: 1.1548, val_acc: 0.5942
Epoch [5], train_loss: 1.0442, val_loss: 1.0770, val_acc: 0.6173
Epoch [6], train_loss: 0.9564, val_loss: 0.9767, val_acc: 0.6566
Epoch [7], train_loss: 0.8736, val_loss: 0.8951, val_acc: 0.6871
Epoch [8], train_loss: 0.8044, val_loss: 0.8816, val_acc: 0.6949
Epoch [9], train_loss: 0.7282, val_loss: 0.8325, val_acc: 0.7089
	GPU training took: 267.64412331581116 seconds.

Training with lr=0.0005, num_epochs=10, opt_func=RMSprop
Epoch [0], train_loss: 2.0166, val_loss: 1.6547, val_acc: 0.3858
Epoch [1], train_loss: 1.4603, val_loss: 1.2956, val_acc: 0.5198
Epoch [2], train_loss: 1.1977, val_loss: 1.1569, val_acc: 0.5907
Epoch [3], train_loss: 0.9901, val_loss: 0.9253, val_acc: 0.6783
Epoch [4], train_loss: 0.8199, val_loss: 0.9450, val_acc: 0.6763
Epoch [5], train_loss: 0.6857, val_loss: 0.8155, val_acc: 0.7250
Epoch [6], train_loss: 0.5497, val_loss: 0.7216, val_acc: 0.7517
Epoch [7], train_loss: 0.4267, val_loss: 0.8187, val_acc: 0.7336
Epoch [8], train_loss: 0.3152, val_loss: 0.8082, val_acc: 0.7687
Epoch [9], train_loss: 0.2205, val_loss: 1.0009, val_acc: 0.7225
	GPU training took: 257.7564845085144 seconds.

Training with lr=0.0005, num_epochs=12, opt_func=Adam
Epoch [0], train_loss: 1.7813, val_loss: 1.4725, val_acc: 0.4428
Epoch [1], train_loss: 1.3184, val_loss: 1.1768, val_acc: 0.5802
Epoch [2], train_loss: 1.0593, val_loss: 0.9671, val_acc: 0.6567
Epoch [3], train_loss: 0.8876, val_loss: 0.8729, val_acc: 0.6909
Epoch [4], train_loss: 0.7583, val_loss: 0.7683, val_acc: 0.7314
Epoch [5], train_loss: 0.6472, val_loss: 0.7344, val_acc: 0.7515
Epoch [6], train_loss: 0.5391, val_loss: 0.7183, val_acc: 0.7492
Epoch [7], train_loss: 0.4373, val_loss: 0.6879, val_acc: 0.7721
Epoch [8], train_loss: 0.3401, val_loss: 0.7196, val_acc: 0.7803
Epoch [9], train_loss: 0.2554, val_loss: 0.7873, val_acc: 0.7679
Epoch [10], train_loss: 0.1762, val_loss: 0.9593, val_acc: 0.7559
Epoch [11], train_loss: 0.1260, val_loss: 1.0094, val_acc: 0.7744
	GPU training took: 316.00278306007385 seconds.

Training with lr=0.0005, num_epochs=12, opt_func=NAdam
Epoch [0], train_loss: 1.7954, val_loss: 1.5281, val_acc: 0.4334
Epoch [1], train_loss: 1.2516, val_loss: 1.0983, val_acc: 0.6046
Epoch [2], train_loss: 0.9640, val_loss: 0.9131, val_acc: 0.6751
Epoch [3], train_loss: 0.7577, val_loss: 0.7916, val_acc: 0.7287
Epoch [4], train_loss: 0.6005, val_loss: 0.7734, val_acc: 0.7349
Epoch [5], train_loss: 0.4662, val_loss: 0.6674, val_acc: 0.7827
Epoch [6], train_loss: 0.3360, val_loss: 0.6531, val_acc: 0.7876
Epoch [7], train_loss: 0.2276, val_loss: 0.8498, val_acc: 0.7653
Epoch [8], train_loss: 0.1439, val_loss: 0.9741, val_acc: 0.7688
Epoch [9], train_loss: 0.0929, val_loss: 1.0473, val_acc: 0.7761
Epoch [10], train_loss: 0.0752, val_loss: 1.2350, val_acc: 0.7590
Epoch [11], train_loss: 0.0600, val_loss: 1.1245, val_acc: 0.7883
	GPU training took: 314.0161099433899 seconds.

Training with lr=0.0005, num_epochs=12, opt_func=RAdam
Epoch [0], train_loss: 1.9386, val_loss: 1.6363, val_acc: 0.3971
Epoch [1], train_loss: 1.5029, val_loss: 1.3625, val_acc: 0.5028
Epoch [2], train_loss: 1.2563, val_loss: 1.1871, val_acc: 0.5734
Epoch [3], train_loss: 1.0651, val_loss: 1.0778, val_acc: 0.6140
Epoch [4], train_loss: 0.9254, val_loss: 0.9157, val_acc: 0.6813
Epoch [5], train_loss: 0.7877, val_loss: 0.8518, val_acc: 0.7027
Epoch [6], train_loss: 0.6768, val_loss: 0.7360, val_acc: 0.7434
Epoch [7], train_loss: 0.5549, val_loss: 0.7499, val_acc: 0.7409
Epoch [8], train_loss: 0.4518, val_loss: 0.6811, val_acc: 0.7709
Epoch [9], train_loss: 0.3389, val_loss: 0.7399, val_acc: 0.7733
Epoch [10], train_loss: 0.2343, val_loss: 0.8056, val_acc: 0.7736
Epoch [11], train_loss: 0.1594, val_loss: 0.9233, val_acc: 0.7703
	GPU training took: 312.601637840271 seconds.

Training with lr=0.0005, num_epochs=12, opt_func=AdamW
Epoch [0], train_loss: 1.7883, val_loss: 1.4893, val_acc: 0.4550
Epoch [1], train_loss: 1.3188, val_loss: 1.1907, val_acc: 0.5664
Epoch [2], train_loss: 1.0765, val_loss: 1.0134, val_acc: 0.6436
Epoch [3], train_loss: 0.8852, val_loss: 0.9074, val_acc: 0.6796
Epoch [4], train_loss: 0.7451, val_loss: 0.7869, val_acc: 0.7266
Epoch [5], train_loss: 0.6274, val_loss: 0.7251, val_acc: 0.7487
Epoch [6], train_loss: 0.5171, val_loss: 0.7219, val_acc: 0.7576
Epoch [7], train_loss: 0.4192, val_loss: 0.7333, val_acc: 0.7690
Epoch [8], train_loss: 0.3260, val_loss: 0.7566, val_acc: 0.7600
Epoch [9], train_loss: 0.2399, val_loss: 0.8215, val_acc: 0.7748
Epoch [10], train_loss: 0.1712, val_loss: 0.8743, val_acc: 0.7713
Epoch [11], train_loss: 0.1395, val_loss: 0.9876, val_acc: 0.7755
	GPU training took: 311.5425224304199 seconds.

Training with lr=0.0005, num_epochs=12, opt_func=Adamax
Epoch [0], train_loss: 1.8984, val_loss: 1.6834, val_acc: 0.3813
Epoch [1], train_loss: 1.5434, val_loss: 1.4367, val_acc: 0.4653
Epoch [2], train_loss: 1.3710, val_loss: 1.2902, val_acc: 0.5257
Epoch [3], train_loss: 1.2428, val_loss: 1.2566, val_acc: 0.5354
Epoch [4], train_loss: 1.1438, val_loss: 1.1005, val_acc: 0.6031
Epoch [5], train_loss: 1.0514, val_loss: 1.0558, val_acc: 0.6262
Epoch [6], train_loss: 0.9757, val_loss: 0.9483, val_acc: 0.6602
Epoch [7], train_loss: 0.8988, val_loss: 0.9637, val_acc: 0.6585
Epoch [8], train_loss: 0.8288, val_loss: 0.8796, val_acc: 0.6896
Epoch [9], train_loss: 0.7673, val_loss: 0.8125, val_acc: 0.7149
Epoch [10], train_loss: 0.7029, val_loss: 0.8215, val_acc: 0.7065
Epoch [11], train_loss: 0.6413, val_loss: 0.7611, val_acc: 0.7314
	GPU training took: 324.5796139240265 seconds.

Training with lr=0.0005, num_epochs=12, opt_func=RMSprop
Epoch [0], train_loss: 1.9632, val_loss: 1.7252, val_acc: 0.3492
Epoch [1], train_loss: 1.4554, val_loss: 1.2824, val_acc: 0.5241
Epoch [2], train_loss: 1.2007, val_loss: 1.1712, val_acc: 0.5613
Epoch [3], train_loss: 0.9890, val_loss: 0.9487, val_acc: 0.6618
Epoch [4], train_loss: 0.8213, val_loss: 0.8071, val_acc: 0.7203
Epoch [5], train_loss: 0.6786, val_loss: 0.9145, val_acc: 0.6934
Epoch [6], train_loss: 0.5538, val_loss: 0.8468, val_acc: 0.7151
Epoch [7], train_loss: 0.4364, val_loss: 0.8780, val_acc: 0.7275
Epoch [8], train_loss: 0.3243, val_loss: 0.7543, val_acc: 0.7663
Epoch [9], train_loss: 0.2279, val_loss: 0.8410, val_acc: 0.7675
Epoch [10], train_loss: 0.1596, val_loss: 0.9991, val_acc: 0.7747
Epoch [11], train_loss: 0.1201, val_loss: 1.1210, val_acc: 0.7553
	GPU training took: 360.20156145095825 seconds.

Training with lr=0.001, num_epochs=8, opt_func=Adam
Epoch [0], train_loss: 1.7408, val_loss: 1.3618, val_acc: 0.4938
Epoch [1], train_loss: 1.2331, val_loss: 1.0627, val_acc: 0.6250
Epoch [2], train_loss: 0.9570, val_loss: 0.9201, val_acc: 0.6747
Epoch [3], train_loss: 0.7777, val_loss: 0.7857, val_acc: 0.7214
Epoch [4], train_loss: 0.6282, val_loss: 0.7583, val_acc: 0.7358
Epoch [5], train_loss: 0.5145, val_loss: 0.7154, val_acc: 0.7507
Epoch [6], train_loss: 0.4002, val_loss: 0.7666, val_acc: 0.7590
Epoch [7], train_loss: 0.3086, val_loss: 0.8545, val_acc: 0.7510
	GPU training took: 235.02244877815247 seconds.

Training with lr=0.001, num_epochs=8, opt_func=NAdam
Epoch [0], train_loss: 1.9024, val_loss: 1.5971, val_acc: 0.4309
Epoch [1], train_loss: 1.3555, val_loss: 1.2535, val_acc: 0.5391
Epoch [2], train_loss: 1.0416, val_loss: 0.9435, val_acc: 0.6657
Epoch [3], train_loss: 0.8035, val_loss: 0.8056, val_acc: 0.7200
Epoch [4], train_loss: 0.6269, val_loss: 0.7497, val_acc: 0.7443
Epoch [5], train_loss: 0.4748, val_loss: 0.7956, val_acc: 0.7454
Epoch [6], train_loss: 0.3428, val_loss: 0.7989, val_acc: 0.7574
Epoch [7], train_loss: 0.2338, val_loss: 0.8374, val_acc: 0.7631
	GPU training took: 227.706636428833 seconds.

Training with lr=0.001, num_epochs=8, opt_func=RAdam
Epoch [0], train_loss: 1.8416, val_loss: 1.5548, val_acc: 0.4241
Epoch [1], train_loss: 1.3391, val_loss: 1.1441, val_acc: 0.5907
Epoch [2], train_loss: 1.0516, val_loss: 0.9183, val_acc: 0.6810
Epoch [3], train_loss: 0.8491, val_loss: 0.7938, val_acc: 0.7212
Epoch [4], train_loss: 0.6846, val_loss: 0.7762, val_acc: 0.7379
Epoch [5], train_loss: 0.5499, val_loss: 0.6655, val_acc: 0.7784
Epoch [6], train_loss: 0.4256, val_loss: 0.6898, val_acc: 0.7829
Epoch [7], train_loss: 0.3151, val_loss: 0.7272, val_acc: 0.7822
	GPU training took: 229.44538021087646 seconds.

Training with lr=0.001, num_epochs=8, opt_func=AdamW
Epoch [0], train_loss: 1.8728, val_loss: 1.4879, val_acc: 0.4461
Epoch [1], train_loss: 1.2602, val_loss: 1.1466, val_acc: 0.5795
Epoch [2], train_loss: 1.0015, val_loss: 0.9298, val_acc: 0.6692
Epoch [3], train_loss: 0.8340, val_loss: 0.8482, val_acc: 0.7051
Epoch [4], train_loss: 0.6984, val_loss: 0.7951, val_acc: 0.7233
Epoch [5], train_loss: 0.5950, val_loss: 0.7633, val_acc: 0.7365
Epoch [6], train_loss: 0.4901, val_loss: 0.7881, val_acc: 0.7377
Epoch [7], train_loss: 0.3885, val_loss: 0.8086, val_acc: 0.7534
	GPU training took: 227.77214407920837 seconds.

Training with lr=0.001, num_epochs=8, opt_func=Adamax
Epoch [0], train_loss: 1.8822, val_loss: 1.5642, val_acc: 0.4157
Epoch [1], train_loss: 1.4370, val_loss: 1.3218, val_acc: 0.5229
Epoch [2], train_loss: 1.1964, val_loss: 1.1334, val_acc: 0.5856
Epoch [3], train_loss: 1.0436, val_loss: 1.0356, val_acc: 0.6303
Epoch [4], train_loss: 0.9131, val_loss: 0.9116, val_acc: 0.6785
Epoch [5], train_loss: 0.8039, val_loss: 0.8672, val_acc: 0.6994
Epoch [6], train_loss: 0.6975, val_loss: 0.8205, val_acc: 0.7186
Epoch [7], train_loss: 0.6073, val_loss: 0.7724, val_acc: 0.7351
	GPU training took: 232.82590103149414 seconds.

Training with lr=0.001, num_epochs=8, opt_func=RMSprop
Epoch [0], train_loss: 6.2685, val_loss: 1.7755, val_acc: 0.3509
Epoch [1], train_loss: 1.6315, val_loss: 1.5224, val_acc: 0.4379
Epoch [2], train_loss: 1.3891, val_loss: 1.6340, val_acc: 0.4096
Epoch [3], train_loss: 1.1729, val_loss: 1.2002, val_acc: 0.5758
Epoch [4], train_loss: 0.9724, val_loss: 0.9968, val_acc: 0.6507
Epoch [5], train_loss: 0.8019, val_loss: 1.0309, val_acc: 0.6422
Epoch [6], train_loss: 0.6521, val_loss: 0.9274, val_acc: 0.6819
Epoch [7], train_loss: 0.5233, val_loss: 0.8165, val_acc: 0.7193
	GPU training took: 218.15229749679565 seconds.

Training with lr=0.001, num_epochs=10, opt_func=Adam
Epoch [0], train_loss: 1.7410, val_loss: 1.4659, val_acc: 0.4419
Epoch [1], train_loss: 1.2611, val_loss: 1.1013, val_acc: 0.6031
Epoch [2], train_loss: 1.0365, val_loss: 1.0211, val_acc: 0.6371
Epoch [3], train_loss: 0.8545, val_loss: 0.8391, val_acc: 0.7075
Epoch [4], train_loss: 0.7316, val_loss: 0.7799, val_acc: 0.7258
Epoch [5], train_loss: 0.6237, val_loss: 0.7476, val_acc: 0.7438
Epoch [6], train_loss: 0.5403, val_loss: 0.7014, val_acc: 0.7632
Epoch [7], train_loss: 0.4504, val_loss: 0.7179, val_acc: 0.7568
Epoch [8], train_loss: 0.3776, val_loss: 0.6953, val_acc: 0.7697
Epoch [9], train_loss: 0.3114, val_loss: 0.7384, val_acc: 0.7772
	GPU training took: 272.38986587524414 seconds.

Training with lr=0.001, num_epochs=10, opt_func=NAdam
Epoch [0], train_loss: 1.9710, val_loss: 1.5637, val_acc: 0.4118
Epoch [1], train_loss: 1.3912, val_loss: 1.1678, val_acc: 0.5726
Epoch [2], train_loss: 1.0547, val_loss: 0.9879, val_acc: 0.6436
Epoch [3], train_loss: 0.8200, val_loss: 0.9134, val_acc: 0.6841
Epoch [4], train_loss: 0.6438, val_loss: 0.7405, val_acc: 0.7444
Epoch [5], train_loss: 0.4985, val_loss: 0.7122, val_acc: 0.7605
Epoch [6], train_loss: 0.3653, val_loss: 0.7601, val_acc: 0.7648
Epoch [7], train_loss: 0.2550, val_loss: 0.9087, val_acc: 0.7551
Epoch [8], train_loss: 0.1740, val_loss: 0.9755, val_acc: 0.7543
Epoch [9], train_loss: 0.1275, val_loss: 1.0294, val_acc: 0.7530
	GPU training took: 273.8378849029541 seconds.

Training with lr=0.001, num_epochs=10, opt_func=RAdam
Epoch [0], train_loss: 1.8549, val_loss: 1.4894, val_acc: 0.4605
Epoch [1], train_loss: 1.3508, val_loss: 1.1340, val_acc: 0.5943
Epoch [2], train_loss: 1.0430, val_loss: 0.9572, val_acc: 0.6669
Epoch [3], train_loss: 0.8317, val_loss: 0.8561, val_acc: 0.7070
Epoch [4], train_loss: 0.6699, val_loss: 0.7379, val_acc: 0.7460
Epoch [5], train_loss: 0.5333, val_loss: 0.7049, val_acc: 0.7632
Epoch [6], train_loss: 0.4024, val_loss: 0.6950, val_acc: 0.7783
Epoch [7], train_loss: 0.2885, val_loss: 0.7616, val_acc: 0.7787
Epoch [8], train_loss: 0.2043, val_loss: 0.7852, val_acc: 0.7755
Epoch [9], train_loss: 0.1577, val_loss: 0.9764, val_acc: 0.7553
	GPU training took: 276.8795416355133 seconds.

Training with lr=0.001, num_epochs=10, opt_func=AdamW
Epoch [0], train_loss: 1.7990, val_loss: 1.4662, val_acc: 0.4538
Epoch [1], train_loss: 1.2978, val_loss: 1.2531, val_acc: 0.5500
Epoch [2], train_loss: 1.0397, val_loss: 0.9453, val_acc: 0.6672
Epoch [3], train_loss: 0.8670, val_loss: 0.8276, val_acc: 0.7093
Epoch [4], train_loss: 0.7408, val_loss: 0.8284, val_acc: 0.7042
Epoch [5], train_loss: 0.6418, val_loss: 0.7551, val_acc: 0.7407
Epoch [6], train_loss: 0.5483, val_loss: 0.7165, val_acc: 0.7629
Epoch [7], train_loss: 0.4711, val_loss: 0.7034, val_acc: 0.7781
Epoch [8], train_loss: 0.3962, val_loss: 0.7830, val_acc: 0.7586
Epoch [9], train_loss: 0.3347, val_loss: 0.7836, val_acc: 0.7549
	GPU training took: 279.42737317085266 seconds.

Training with lr=0.001, num_epochs=10, opt_func=Adamax
Epoch [0], train_loss: 1.8052, val_loss: 1.5366, val_acc: 0.4485
Epoch [1], train_loss: 1.4012, val_loss: 1.2414, val_acc: 0.5446
Epoch [2], train_loss: 1.1985, val_loss: 1.1166, val_acc: 0.5924
Epoch [3], train_loss: 1.0504, val_loss: 1.0053, val_acc: 0.6436
Epoch [4], train_loss: 0.9225, val_loss: 0.9320, val_acc: 0.6720
Epoch [5], train_loss: 0.8172, val_loss: 0.8246, val_acc: 0.7086
Epoch [6], train_loss: 0.7238, val_loss: 0.7732, val_acc: 0.7243
Epoch [7], train_loss: 0.6344, val_loss: 0.7100, val_acc: 0.7546
Epoch [8], train_loss: 0.5525, val_loss: 0.7013, val_acc: 0.7559
Epoch [9], train_loss: 0.4753, val_loss: 0.7078, val_acc: 0.7563
	GPU training took: 276.5659816265106 seconds.

Training with lr=0.001, num_epochs=10, opt_func=RMSprop
Epoch [0], train_loss: 3.6837, val_loss: 1.6770, val_acc: 0.3806
Epoch [1], train_loss: 1.5889, val_loss: 1.4475, val_acc: 0.4631
Epoch [2], train_loss: 1.3712, val_loss: 1.2663, val_acc: 0.5245
Epoch [3], train_loss: 1.1520, val_loss: 1.0721, val_acc: 0.6143
Epoch [4], train_loss: 0.9600, val_loss: 1.0236, val_acc: 0.6365
Epoch [5], train_loss: 0.8021, val_loss: 0.8322, val_acc: 0.7148
Epoch [6], train_loss: 0.6741, val_loss: 0.9354, val_acc: 0.6928
Epoch [7], train_loss: 0.5489, val_loss: 1.0442, val_acc: 0.6761
Epoch [8], train_loss: 0.4351, val_loss: 0.8030, val_acc: 0.7419
Epoch [9], train_loss: 0.3309, val_loss: 0.8716, val_acc: 0.7432
	GPU training took: 275.0713965892792 seconds.

Training with lr=0.001, num_epochs=12, opt_func=Adam
Epoch [0], train_loss: 1.7836, val_loss: 1.4552, val_acc: 0.4722
Epoch [1], train_loss: 1.2456, val_loss: 1.1304, val_acc: 0.5888
Epoch [2], train_loss: 0.9976, val_loss: 0.9334, val_acc: 0.6744
Epoch [3], train_loss: 0.8405, val_loss: 0.8358, val_acc: 0.7097
Epoch [4], train_loss: 0.7060, val_loss: 0.7726, val_acc: 0.7337
Epoch [5], train_loss: 0.5987, val_loss: 0.7661, val_acc: 0.7414
Epoch [6], train_loss: 0.4958, val_loss: 0.6988, val_acc: 0.7617
Epoch [7], train_loss: 0.3970, val_loss: 0.7761, val_acc: 0.7512
Epoch [8], train_loss: 0.3147, val_loss: 0.7965, val_acc: 0.7647
Epoch [9], train_loss: 0.2330, val_loss: 0.9140, val_acc: 0.7539
Epoch [10], train_loss: 0.1785, val_loss: 1.0315, val_acc: 0.7568
Epoch [11], train_loss: 0.1498, val_loss: 1.1201, val_acc: 0.7450
	GPU training took: 331.08511567115784 seconds.

Training with lr=0.001, num_epochs=12, opt_func=NAdam
Epoch [0], train_loss: 1.8167, val_loss: 1.4200, val_acc: 0.4815
Epoch [1], train_loss: 1.2924, val_loss: 1.1301, val_acc: 0.5875
Epoch [2], train_loss: 0.9810, val_loss: 0.9267, val_acc: 0.6782
Epoch [3], train_loss: 0.7615, val_loss: 0.7867, val_acc: 0.7219
Epoch [4], train_loss: 0.5985, val_loss: 0.7242, val_acc: 0.7554
Epoch [5], train_loss: 0.4581, val_loss: 0.6479, val_acc: 0.7843
Epoch [6], train_loss: 0.3364, val_loss: 0.6681, val_acc: 0.7871
Epoch [7], train_loss: 0.2395, val_loss: 0.7210, val_acc: 0.7870
Epoch [8], train_loss: 0.1650, val_loss: 0.9222, val_acc: 0.7695
Epoch [9], train_loss: 0.1216, val_loss: 0.9013, val_acc: 0.7831
Epoch [10], train_loss: 0.1067, val_loss: 0.9610, val_acc: 0.7874
Epoch [11], train_loss: 0.0853, val_loss: 1.0371, val_acc: 0.7869
	GPU training took: 333.6136190891266 seconds.

Training with lr=0.001, num_epochs=12, opt_func=RAdam
Epoch [0], train_loss: 1.8780, val_loss: 1.6284, val_acc: 0.3947
Epoch [1], train_loss: 1.4051, val_loss: 1.2754, val_acc: 0.5238
Epoch [2], train_loss: 1.1391, val_loss: 1.0883, val_acc: 0.6080
Epoch [3], train_loss: 0.9546, val_loss: 0.9258, val_acc: 0.6756
Epoch [4], train_loss: 0.7881, val_loss: 0.7609, val_acc: 0.7307
Epoch [5], train_loss: 0.6464, val_loss: 0.7082, val_acc: 0.7575
Epoch [6], train_loss: 0.5101, val_loss: 0.7045, val_acc: 0.7620
Epoch [7], train_loss: 0.3931, val_loss: 0.6486, val_acc: 0.7821
Epoch [8], train_loss: 0.2932, val_loss: 0.7004, val_acc: 0.7861
Epoch [9], train_loss: 0.2220, val_loss: 0.8097, val_acc: 0.7772
Epoch [10], train_loss: 0.1529, val_loss: 0.7917, val_acc: 0.7798
Epoch [11], train_loss: 0.1233, val_loss: 0.8422, val_acc: 0.7942
	GPU training took: 332.1859333515167 seconds.

Training with lr=0.001, num_epochs=12, opt_func=AdamW
Epoch [0], train_loss: 1.7888, val_loss: 1.4196, val_acc: 0.4666
Epoch [1], train_loss: 1.2727, val_loss: 1.1309, val_acc: 0.5950
Epoch [2], train_loss: 1.0174, val_loss: 0.9163, val_acc: 0.6668
Epoch [3], train_loss: 0.8276, val_loss: 0.7984, val_acc: 0.7159
Epoch [4], train_loss: 0.6976, val_loss: 0.7781, val_acc: 0.7244
Epoch [5], train_loss: 0.6015, val_loss: 0.7392, val_acc: 0.7431
Epoch [6], train_loss: 0.5095, val_loss: 0.6520, val_acc: 0.7738
Epoch [7], train_loss: 0.4402, val_loss: 0.6820, val_acc: 0.7705
Epoch [8], train_loss: 0.3587, val_loss: 0.6863, val_acc: 0.7844
Epoch [9], train_loss: 0.3029, val_loss: 0.7109, val_acc: 0.7698
Epoch [10], train_loss: 0.2437, val_loss: 0.7264, val_acc: 0.7736
Epoch [11], train_loss: 0.1996, val_loss: 0.8098, val_acc: 0.7810
	GPU training took: 338.98970556259155 seconds.

Training with lr=0.001, num_epochs=12, opt_func=Adamax
Epoch [0], train_loss: 1.8415, val_loss: 1.5134, val_acc: 0.4408
Epoch [1], train_loss: 1.3916, val_loss: 1.2530, val_acc: 0.5395
Epoch [2], train_loss: 1.1418, val_loss: 1.0597, val_acc: 0.6212
Epoch [3], train_loss: 0.9737, val_loss: 0.9621, val_acc: 0.6578
Epoch [4], train_loss: 0.8520, val_loss: 0.8200, val_acc: 0.7106
Epoch [5], train_loss: 0.7525, val_loss: 0.8495, val_acc: 0.6995
Epoch [6], train_loss: 0.6674, val_loss: 0.7886, val_acc: 0.7247
Epoch [7], train_loss: 0.5713, val_loss: 0.7190, val_acc: 0.7494
Epoch [8], train_loss: 0.4806, val_loss: 0.6920, val_acc: 0.7661
Epoch [9], train_loss: 0.3970, val_loss: 0.7426, val_acc: 0.7549
Epoch [10], train_loss: 0.3050, val_loss: 0.7766, val_acc: 0.7681
Epoch [11], train_loss: 0.2286, val_loss: 0.7980, val_acc: 0.7714
	GPU training took: 332.88483119010925 seconds.

Training with lr=0.001, num_epochs=12, opt_func=RMSprop
Epoch [0], train_loss: 5.7915, val_loss: 1.8409, val_acc: 0.3328
Epoch [1], train_loss: 1.5813, val_loss: 1.4458, val_acc: 0.4763
Epoch [2], train_loss: 1.3176, val_loss: 1.1495, val_acc: 0.5888
Epoch [3], train_loss: 1.0983, val_loss: 1.1155, val_acc: 0.6164
Epoch [4], train_loss: 0.9108, val_loss: 0.8957, val_acc: 0.6940
Epoch [5], train_loss: 0.7611, val_loss: 0.8303, val_acc: 0.7135
Epoch [6], train_loss: 0.6168, val_loss: 0.7923, val_acc: 0.7318
Epoch [7], train_loss: 0.4869, val_loss: 1.0435, val_acc: 0.6872
Epoch [8], train_loss: 0.3676, val_loss: 1.0739, val_acc: 0.7036
Epoch [9], train_loss: 0.2690, val_loss: 1.0218, val_acc: 0.7217
Epoch [10], train_loss: 0.2009, val_loss: 1.1034, val_acc: 0.7387
Epoch [11], train_loss: 0.1604, val_loss: 1.2240, val_acc: 0.7425
	GPU training took: 329.4988856315613 seconds.

Training with lr=0.002, num_epochs=8, opt_func=Adam
Epoch [0], train_loss: 1.8460, val_loss: 1.5499, val_acc: 0.4229
Epoch [1], train_loss: 1.4321, val_loss: 1.3275, val_acc: 0.5111
Epoch [2], train_loss: 1.2333, val_loss: 1.1635, val_acc: 0.5882
Epoch [3], train_loss: 1.0706, val_loss: 1.0846, val_acc: 0.6203
Epoch [4], train_loss: 0.9558, val_loss: 0.9812, val_acc: 0.6506
Epoch [5], train_loss: 0.8480, val_loss: 0.9236, val_acc: 0.6749
Epoch [6], train_loss: 0.7611, val_loss: 0.8970, val_acc: 0.6913
Epoch [7], train_loss: 0.6796, val_loss: 0.8787, val_acc: 0.6961
	GPU training took: 220.51072430610657 seconds.

Training with lr=0.002, num_epochs=8, opt_func=NAdam
Epoch [0], train_loss: 2.3128, val_loss: 2.3026, val_acc: 0.1030
Epoch [1], train_loss: 2.3029, val_loss: 2.3031, val_acc: 0.0937
Epoch [2], train_loss: 2.3028, val_loss: 2.3029, val_acc: 0.0967
Epoch [3], train_loss: 2.3028, val_loss: 2.3028, val_acc: 0.1002
Epoch [4], train_loss: 2.3027, val_loss: 2.3029, val_acc: 0.0937
Epoch [5], train_loss: 2.3028, val_loss: 2.3028, val_acc: 0.1030
Epoch [6], train_loss: 2.3028, val_loss: 2.3028, val_acc: 0.0919
Epoch [7], train_loss: 2.3028, val_loss: 2.3030, val_acc: 0.0919
	GPU training took: 222.4586901664734 seconds.

Training with lr=0.002, num_epochs=8, opt_func=RAdam
Epoch [0], train_loss: 1.7806, val_loss: 1.4322, val_acc: 0.4697
Epoch [1], train_loss: 1.2457, val_loss: 1.1766, val_acc: 0.5813
Epoch [2], train_loss: 0.9409, val_loss: 0.9817, val_acc: 0.6547
Epoch [3], train_loss: 0.7392, val_loss: 0.7291, val_acc: 0.7422
Epoch [4], train_loss: 0.5907, val_loss: 0.7091, val_acc: 0.7574
Epoch [5], train_loss: 0.4589, val_loss: 0.6971, val_acc: 0.7737
Epoch [6], train_loss: 0.3504, val_loss: 0.7841, val_acc: 0.7759
Epoch [7], train_loss: 0.2958, val_loss: 0.8408, val_acc: 0.7629
	GPU training took: 222.6316876411438 seconds.

Training with lr=0.002, num_epochs=8, opt_func=AdamW
Epoch [0], train_loss: 1.9548, val_loss: 1.6035, val_acc: 0.4079
Epoch [1], train_loss: 1.4622, val_loss: 1.3158, val_acc: 0.5308
Epoch [2], train_loss: 1.2141, val_loss: 1.1292, val_acc: 0.5896
Epoch [3], train_loss: 1.0667, val_loss: 1.0521, val_acc: 0.6256
Epoch [4], train_loss: 0.9689, val_loss: 0.9898, val_acc: 0.6524
Epoch [5], train_loss: 0.8863, val_loss: 0.9512, val_acc: 0.6749
Epoch [6], train_loss: 0.8212, val_loss: 0.8900, val_acc: 0.6861
Epoch [7], train_loss: 0.7668, val_loss: 0.9185, val_acc: 0.6871
	GPU training took: 222.4223597049713 seconds.

Training with lr=0.002, num_epochs=8, opt_func=Adamax
Epoch [0], train_loss: 1.8159, val_loss: 1.4930, val_acc: 0.4394
Epoch [1], train_loss: 1.3553, val_loss: 1.2369, val_acc: 0.5404
Epoch [2], train_loss: 1.1426, val_loss: 1.0537, val_acc: 0.6148
Epoch [3], train_loss: 0.9863, val_loss: 0.9234, val_acc: 0.6725
Epoch [4], train_loss: 0.8631, val_loss: 0.8333, val_acc: 0.7054
Epoch [5], train_loss: 0.7404, val_loss: 0.8185, val_acc: 0.7097
Epoch [6], train_loss: 0.6429, val_loss: 0.7156, val_acc: 0.7503
Epoch [7], train_loss: 0.5481, val_loss: 0.7112, val_acc: 0.7536
	GPU training took: 221.63509273529053 seconds.

Training with lr=0.002, num_epochs=8, opt_func=RMSprop
Epoch [0], train_loss: 391.2551, val_loss: 1.9728, val_acc: 0.2885
Epoch [1], train_loss: 1.7559, val_loss: 1.5555, val_acc: 0.4243
Epoch [2], train_loss: 1.4949, val_loss: 1.5097, val_acc: 0.4541
Epoch [3], train_loss: 1.3191, val_loss: 1.4065, val_acc: 0.5219
Epoch [4], train_loss: 1.1751, val_loss: 1.2752, val_acc: 0.5423
Epoch [5], train_loss: 1.0415, val_loss: 1.1670, val_acc: 0.5923
Epoch [6], train_loss: 0.8986, val_loss: 1.0678, val_acc: 0.6309
Epoch [7], train_loss: 0.7496, val_loss: 1.0864, val_acc: 0.6470
	GPU training took: 225.74330830574036 seconds.

Training with lr=0.002, num_epochs=10, opt_func=Adam
Epoch [0], train_loss: 2.3030, val_loss: 2.3027, val_acc: 0.1002
Epoch [1], train_loss: 2.3028, val_loss: 2.3026, val_acc: 0.0919
Epoch [2], train_loss: 2.3028, val_loss: 2.3028, val_acc: 0.1066
Epoch [3], train_loss: 2.3028, val_loss: 2.3030, val_acc: 0.0919
Epoch [4], train_loss: 2.3027, val_loss: 2.3031, val_acc: 0.1002
Epoch [5], train_loss: 2.3028, val_loss: 2.3028, val_acc: 0.0966
Epoch [6], train_loss: 2.3028, val_loss: 2.3031, val_acc: 0.0967
Epoch [7], train_loss: 2.3028, val_loss: 2.3027, val_acc: 0.1045
Epoch [8], train_loss: 2.3028, val_loss: 2.3027, val_acc: 0.1030
Epoch [9], train_loss: 2.3028, val_loss: 2.3025, val_acc: 0.1002
	GPU training took: 281.5264937877655 seconds.

Training with lr=0.002, num_epochs=10, opt_func=NAdam
Epoch [0], train_loss: 2.3036, val_loss: 2.3029, val_acc: 0.0919
Epoch [1], train_loss: 2.3028, val_loss: 2.3027, val_acc: 0.1002
Epoch [2], train_loss: 2.3028, val_loss: 2.3028, val_acc: 0.1002
Epoch [3], train_loss: 2.3027, val_loss: 2.3031, val_acc: 0.0919
Epoch [4], train_loss: 2.3028, val_loss: 2.3027, val_acc: 0.0919
Epoch [5], train_loss: 2.3027, val_loss: 2.3028, val_acc: 0.0966
Epoch [6], train_loss: 2.3028, val_loss: 2.3029, val_acc: 0.1030
Epoch [7], train_loss: 2.3028, val_loss: 2.3029, val_acc: 0.0966
Epoch [8], train_loss: 2.3028, val_loss: 2.3026, val_acc: 0.1053
Epoch [9], train_loss: 2.3028, val_loss: 2.3031, val_acc: 0.0937
	GPU training took: 287.05829763412476 seconds.

Training with lr=0.002, num_epochs=10, opt_func=RAdam
Epoch [0], train_loss: 1.7907, val_loss: 1.4687, val_acc: 0.4491
Epoch [1], train_loss: 1.2804, val_loss: 1.0852, val_acc: 0.6140
Epoch [2], train_loss: 0.9949, val_loss: 0.9313, val_acc: 0.6747
Epoch [3], train_loss: 0.7989, val_loss: 0.7742, val_acc: 0.7344
Epoch [4], train_loss: 0.6453, val_loss: 0.7112, val_acc: 0.7519
Epoch [5], train_loss: 0.5030, val_loss: 0.7137, val_acc: 0.7684
Epoch [6], train_loss: 0.4118, val_loss: 0.7236, val_acc: 0.7803
Epoch [7], train_loss: 0.3276, val_loss: 0.7172, val_acc: 0.7851
Epoch [8], train_loss: 0.2665, val_loss: 0.8289, val_acc: 0.7758
Epoch [9], train_loss: 0.2381, val_loss: 0.8939, val_acc: 0.7666
	GPU training took: 283.0043272972107 seconds.

Training with lr=0.002, num_epochs=10, opt_func=AdamW
Epoch [0], train_loss: 2.3024, val_loss: 2.3031, val_acc: 0.0966
Epoch [1], train_loss: 2.3028, val_loss: 2.3031, val_acc: 0.0919
Epoch [2], train_loss: 2.3028, val_loss: 2.3029, val_acc: 0.0937
Epoch [3], train_loss: 2.3027, val_loss: 2.3028, val_acc: 0.0937
Epoch [4], train_loss: 2.3027, val_loss: 2.3031, val_acc: 0.0937
Epoch [5], train_loss: 2.3027, val_loss: 2.3026, val_acc: 0.0966
Epoch [6], train_loss: 2.3028, val_loss: 2.3028, val_acc: 0.0967
Epoch [7], train_loss: 2.3027, val_loss: 2.3028, val_acc: 0.0919
Epoch [8], train_loss: 2.3028, val_loss: 2.3027, val_acc: 0.1014
Epoch [9], train_loss: 2.3028, val_loss: 2.3029, val_acc: 0.0937
	GPU training took: 279.6985685825348 seconds.

Training with lr=0.002, num_epochs=10, opt_func=Adamax
Epoch [0], train_loss: 1.8083, val_loss: 1.5288, val_acc: 0.4153
Epoch [1], train_loss: 1.3765, val_loss: 1.2093, val_acc: 0.5588
Epoch [2], train_loss: 1.1282, val_loss: 1.0734, val_acc: 0.6105
Epoch [3], train_loss: 0.9487, val_loss: 0.9348, val_acc: 0.6645
Epoch [4], train_loss: 0.8033, val_loss: 0.7859, val_acc: 0.7278
Epoch [5], train_loss: 0.6831, val_loss: 0.7213, val_acc: 0.7448
Epoch [6], train_loss: 0.5831, val_loss: 0.6875, val_acc: 0.7580
Epoch [7], train_loss: 0.4958, val_loss: 0.6235, val_acc: 0.7925
Epoch [8], train_loss: 0.4058, val_loss: 0.6789, val_acc: 0.7772
Epoch [9], train_loss: 0.3288, val_loss: 0.6748, val_acc: 0.7820
	GPU training took: 282.29993057250977 seconds.

Training with lr=0.002, num_epochs=10, opt_func=RMSprop
Epoch [0], train_loss: 186.0400, val_loss: 1.9694, val_acc: 0.2862
Epoch [1], train_loss: 1.6465, val_loss: 1.5144, val_acc: 0.4592
Epoch [2], train_loss: 1.4485, val_loss: 1.4744, val_acc: 0.4734
Epoch [3], train_loss: 1.2868, val_loss: 1.3335, val_acc: 0.5097
Epoch [4], train_loss: 1.1546, val_loss: 1.2044, val_acc: 0.5839
Epoch [5], train_loss: 1.0199, val_loss: 1.0617, val_acc: 0.6291
Epoch [6], train_loss: 0.8999, val_loss: 1.1556, val_acc: 0.6102
Epoch [7], train_loss: 0.7692, val_loss: 1.0907, val_acc: 0.6345
Epoch [8], train_loss: 0.6598, val_loss: 0.9763, val_acc: 0.6803
Epoch [9], train_loss: 0.5478, val_loss: 1.0127, val_acc: 0.6727
	GPU training took: 277.4504051208496 seconds.

Training with lr=0.002, num_epochs=12, opt_func=Adam
Epoch [0], train_loss: 1.8609, val_loss: 1.5438, val_acc: 0.4277
Epoch [1], train_loss: 1.3805, val_loss: 1.2230, val_acc: 0.5459
Epoch [2], train_loss: 1.1246, val_loss: 1.0732, val_acc: 0.6193
Epoch [3], train_loss: 0.9609, val_loss: 0.9714, val_acc: 0.6611
Epoch [4], train_loss: 0.8335, val_loss: 0.8820, val_acc: 0.6922
Epoch [5], train_loss: 0.7534, val_loss: 0.8479, val_acc: 0.7051
Epoch [6], train_loss: 0.6630, val_loss: 0.8139, val_acc: 0.7220
Epoch [7], train_loss: 0.5985, val_loss: 0.8159, val_acc: 0.7166
Epoch [8], train_loss: 0.5259, val_loss: 0.8296, val_acc: 0.7242
Epoch [9], train_loss: 0.4713, val_loss: 0.8839, val_acc: 0.7256
Epoch [10], train_loss: 0.4229, val_loss: 0.8999, val_acc: 0.7302
Epoch [11], train_loss: 0.3820, val_loss: 0.9148, val_acc: 0.7255
	GPU training took: 336.2333126068115 seconds.

Training with lr=0.002, num_epochs=12, opt_func=NAdam
Epoch [0], train_loss: 2.2735, val_loss: 1.9052, val_acc: 0.2732
Epoch [1], train_loss: 1.7384, val_loss: 1.5142, val_acc: 0.4311
Epoch [2], train_loss: 1.3418, val_loss: 1.2642, val_acc: 0.5278
Epoch [3], train_loss: 1.0737, val_loss: 1.1626, val_acc: 0.5885
Epoch [4], train_loss: 0.9048, val_loss: 0.9752, val_acc: 0.6559
Epoch [5], train_loss: 0.7884, val_loss: 0.9848, val_acc: 0.6590
Epoch [6], train_loss: 0.6991, val_loss: 0.8259, val_acc: 0.7076
Epoch [7], train_loss: 0.6127, val_loss: 0.8411, val_acc: 0.7099
Epoch [8], train_loss: 0.5391, val_loss: 0.8259, val_acc: 0.7211
Epoch [9], train_loss: 0.4703, val_loss: 0.9029, val_acc: 0.7127
Epoch [10], train_loss: 0.4102, val_loss: 0.9275, val_acc: 0.7268
Epoch [11], train_loss: 0.3416, val_loss: 0.9918, val_acc: 0.7079
	GPU training took: 337.91512417793274 seconds.

Training with lr=0.002, num_epochs=12, opt_func=RAdam
Epoch [0], train_loss: 1.8198, val_loss: 1.4410, val_acc: 0.4764
Epoch [1], train_loss: 1.2591, val_loss: 1.0485, val_acc: 0.6159
Epoch [2], train_loss: 0.9467, val_loss: 0.8857, val_acc: 0.6941
Epoch [3], train_loss: 0.7515, val_loss: 0.7945, val_acc: 0.7212
Epoch [4], train_loss: 0.5986, val_loss: 0.6796, val_acc: 0.7738
Epoch [5], train_loss: 0.4784, val_loss: 0.7087, val_acc: 0.7630
Epoch [6], train_loss: 0.3749, val_loss: 0.7143, val_acc: 0.7777
Epoch [7], train_loss: 0.3159, val_loss: 0.7374, val_acc: 0.7709
Epoch [8], train_loss: 0.2478, val_loss: 0.8145, val_acc: 0.7649
Epoch [9], train_loss: 0.2150, val_loss: 0.8809, val_acc: 0.7772
Epoch [10], train_loss: 0.1778, val_loss: 1.0370, val_acc: 0.7673
Epoch [11], train_loss: 0.1688, val_loss: 1.0033, val_acc: 0.7735
	GPU training took: 336.7332649230957 seconds.

Training with lr=0.002, num_epochs=12, opt_func=AdamW
Epoch [0], train_loss: 1.8194, val_loss: 1.5292, val_acc: 0.4280
Epoch [1], train_loss: 1.2848, val_loss: 1.1266, val_acc: 0.5923
Epoch [2], train_loss: 1.0414, val_loss: 0.9806, val_acc: 0.6550
Epoch [3], train_loss: 0.8991, val_loss: 0.9295, val_acc: 0.6726
Epoch [4], train_loss: 0.7827, val_loss: 0.8515, val_acc: 0.7025
Epoch [5], train_loss: 0.6952, val_loss: 0.7949, val_acc: 0.7251
Epoch [6], train_loss: 0.6211, val_loss: 0.7872, val_acc: 0.7252
Epoch [7], train_loss: 0.5440, val_loss: 0.8297, val_acc: 0.7157
Epoch [8], train_loss: 0.4895, val_loss: 0.8083, val_acc: 0.7360
Epoch [9], train_loss: 0.4258, val_loss: 0.8452, val_acc: 0.7414
Epoch [10], train_loss: 0.3850, val_loss: 0.8720, val_acc: 0.7319
Epoch [11], train_loss: 0.3403, val_loss: 0.9258, val_acc: 0.7302
	GPU training took: 338.1432960033417 seconds.

Training with lr=0.002, num_epochs=12, opt_func=Adamax
Epoch [0], train_loss: 1.8381, val_loss: 1.5188, val_acc: 0.4335
Epoch [1], train_loss: 1.3369, val_loss: 1.1661, val_acc: 0.5692
Epoch [2], train_loss: 1.0723, val_loss: 1.0015, val_acc: 0.6335
Epoch [3], train_loss: 0.8941, val_loss: 0.9267, val_acc: 0.6699
Epoch [4], train_loss: 0.7608, val_loss: 0.8143, val_acc: 0.7120
Epoch [5], train_loss: 0.6431, val_loss: 0.6920, val_acc: 0.7604
Epoch [6], train_loss: 0.5455, val_loss: 0.6444, val_acc: 0.7779
Epoch [7], train_loss: 0.4443, val_loss: 0.6217, val_acc: 0.7866
Epoch [8], train_loss: 0.3600, val_loss: 0.6107, val_acc: 0.8057
Epoch [9], train_loss: 0.2690, val_loss: 0.6776, val_acc: 0.7973
Epoch [10], train_loss: 0.1945, val_loss: 0.7327, val_acc: 0.7988
Epoch [11], train_loss: 0.1411, val_loss: 0.8514, val_acc: 0.8008
	GPU training took: 339.56767773628235 seconds.

Training with lr=0.002, num_epochs=12, opt_func=RMSprop
Epoch [0], train_loss: 463.8324, val_loss: 2.0489, val_acc: 0.2280
Epoch [1], train_loss: 1.8535, val_loss: 1.7005, val_acc: 0.3753
Epoch [2], train_loss: 1.5940, val_loss: 1.3832, val_acc: 0.5017
Epoch [3], train_loss: 1.3738, val_loss: 1.3381, val_acc: 0.5298
Epoch [4], train_loss: 1.2068, val_loss: 1.6187, val_acc: 0.4686
Epoch [5], train_loss: 1.0636, val_loss: 1.2415, val_acc: 0.5600
Epoch [6], train_loss: 0.9258, val_loss: 1.0235, val_acc: 0.6441
Epoch [7], train_loss: 0.8102, val_loss: 0.9564, val_acc: 0.6737
Epoch [8], train_loss: 0.6976, val_loss: 0.9625, val_acc: 0.6777
Epoch [9], train_loss: 0.5957, val_loss: 0.9926, val_acc: 0.6862
Epoch [10], train_loss: 0.5014, val_loss: 1.0625, val_acc: 0.6759
Epoch [11], train_loss: 0.4268, val_loss: 1.0549, val_acc: 0.6898
	GPU training took: 335.84007024765015 seconds.
